<?xml version="1.0" encoding="UTF-8"?>
<phpcs version="3.9.2">
<file name="/app/routes/channels.php" errors="1" warnings="0" fixable="1">
    <error line="1" column="1" source="SlevomatCodingStandard.TypeHints.DeclareStrictTypes.DeclareStrictTypesMissing" severity="5" fixable="1">Missing declare(strict_types=1).</error>
</file>
<file name="/app/routes/console.php" errors="1" warnings="0" fixable="1">
    <error line="1" column="1" source="SlevomatCodingStandard.TypeHints.DeclareStrictTypes.DeclareStrictTypesMissing" severity="5" fixable="1">Missing declare(strict_types=1).</error>
</file>
<file name="/app/routes/api.php" errors="2" warnings="1" fixable="2">
    <error line="1" column="1" source="SlevomatCodingStandard.TypeHints.DeclareStrictTypes.DeclareStrictTypesMissing" severity="5" fixable="1">Missing declare(strict_types=1).</error>
    <warning line="37" column="5" source="Generic.Files.LineLength.TooLong" severity="5" fixable="0">Line exceeds 120 characters; contains 131 characters</warning>
    <error line="49" column="55" source="PSR2.Files.EndFileNewline.TooMany" severity="5" fixable="1">Expected 1 blank line at end of file; 2 found</error>
</file>
<file name="/app/routes/web.php" errors="1" warnings="0" fixable="1">
    <error line="1" column="1" source="SlevomatCodingStandard.TypeHints.DeclareStrictTypes.DeclareStrictTypesMissing" severity="5" fixable="1">Missing declare(strict_types=1).</error>
</file>
<file name="/app/database/factories/UserFactory.php" errors="4" warnings="0" fixable="4">
    <error line="1" column="1" source="SlevomatCodingStandard.TypeHints.DeclareStrictTypes.DeclareStrictTypesMissing" severity="5" fixable="1">Missing declare(strict_types=1).</error>
    <error line="17" column="12" source="Squiz.WhiteSpace.FunctionSpacing.BeforeFirst" severity="5" fixable="1">Expected 1 blank line before function; 0 found</error>
    <error line="20" column="13" source="SlevomatCodingStandard.Commenting.EmptyComment.EmptyComment" severity="5" fixable="1">Empty comment</error>
    <error line="22" column="5" source="Squiz.WhiteSpace.FunctionSpacing.AfterLast" severity="5" fixable="1">Expected 1 blank line after function; 0 found</error>
</file>
<file name="/app/database/factories/ProductFactory.php" errors="3" warnings="0" fixable="2">
    <error line="1" column="1" source="SlevomatCodingStandard.TypeHints.DeclareStrictTypes.DeclareStrictTypesMissing" severity="5" fixable="1">Missing declare(strict_types=1).</error>
    <error line="11" column="15" source="SlevomatCodingStandard.TypeHints.PropertyTypeHint.MissingAnyTypeHint" severity="5" fixable="0">Property \Database\Factories\ProductFactory::$model does not have native type hint nor @var annotation for its value.</error>
    <error line="20" column="5" source="Squiz.WhiteSpace.FunctionSpacing.AfterLast" severity="5" fixable="1">Expected 1 blank line after function; 0 found</error>
</file>
<file name="/app/database/migrations/2024_03_15_103627_create_users_table.php" errors="3" warnings="0" fixable="3">
    <error line="1" column="1" source="SlevomatCodingStandard.TypeHints.DeclareStrictTypes.DeclareStrictTypesMissing" severity="5" fixable="1">Missing declare(strict_types=1).</error>
    <error line="13" column="12" source="Squiz.WhiteSpace.FunctionSpacing.BeforeFirst" severity="5" fixable="1">Expected 1 blank line before function; 0 found</error>
    <error line="30" column="5" source="Squiz.WhiteSpace.FunctionSpacing.AfterLast" severity="5" fixable="1">Expected 1 blank line after function; 0 found</error>
</file>
<file name="/app/database/migrations/2024_03_15_103830_create_cart_products_table.php" errors="3" warnings="0" fixable="3">
    <error line="1" column="1" source="SlevomatCodingStandard.TypeHints.DeclareStrictTypes.DeclareStrictTypesMissing" severity="5" fixable="1">Missing declare(strict_types=1).</error>
    <error line="13" column="12" source="Squiz.WhiteSpace.FunctionSpacing.BeforeFirst" severity="5" fixable="1">Expected 1 blank line before function; 0 found</error>
    <error line="37" column="5" source="Squiz.WhiteSpace.FunctionSpacing.AfterLast" severity="5" fixable="1">Expected 1 blank line after function; 0 found</error>
</file>
<file name="/app/database/migrations/2019_12_14_000001_create_personal_access_tokens_table.php" errors="3" warnings="0" fixable="3">
    <error line="1" column="1" source="SlevomatCodingStandard.TypeHints.DeclareStrictTypes.DeclareStrictTypesMissing" severity="5" fixable="1">Missing declare(strict_types=1).</error>
    <error line="14" column="12" source="Squiz.WhiteSpace.FunctionSpacing.BeforeFirst" severity="5" fixable="1">Expected 1 blank line before function; 0 found</error>
    <error line="35" column="5" source="Squiz.WhiteSpace.FunctionSpacing.AfterLast" severity="5" fixable="1">Expected 1 blank line after function; 0 found</error>
</file>
<file name="/app/database/migrations/2024_03_15_103836_create_orders_table.php" errors="3" warnings="0" fixable="3">
    <error line="1" column="1" source="SlevomatCodingStandard.TypeHints.DeclareStrictTypes.DeclareStrictTypesMissing" severity="5" fixable="1">Missing declare(strict_types=1).</error>
    <error line="13" column="12" source="Squiz.WhiteSpace.FunctionSpacing.BeforeFirst" severity="5" fixable="1">Expected 1 blank line before function; 0 found</error>
    <error line="38" column="5" source="Squiz.WhiteSpace.FunctionSpacing.AfterLast" severity="5" fixable="1">Expected 1 blank line after function; 0 found</error>
</file>
<file name="/app/database/migrations/2024_03_15_103823_create_carts_table.php" errors="3" warnings="0" fixable="3">
    <error line="1" column="1" source="SlevomatCodingStandard.TypeHints.DeclareStrictTypes.DeclareStrictTypesMissing" severity="5" fixable="1">Missing declare(strict_types=1).</error>
    <error line="13" column="12" source="Squiz.WhiteSpace.FunctionSpacing.BeforeFirst" severity="5" fixable="1">Expected 1 blank line before function; 0 found</error>
    <error line="34" column="5" source="Squiz.WhiteSpace.FunctionSpacing.AfterLast" severity="5" fixable="1">Expected 1 blank line after function; 0 found</error>
</file>
<file name="/app/database/migrations/2024_03_15_103734_create_products_table.php" errors="4" warnings="0" fixable="4">
    <error line="1" column="1" source="SlevomatCodingStandard.TypeHints.DeclareStrictTypes.DeclareStrictTypesMissing" severity="5" fixable="1">Missing declare(strict_types=1).</error>
    <error line="14" column="12" source="Squiz.WhiteSpace.FunctionSpacing.BeforeFirst" severity="5" fixable="1">Expected 1 blank line before function; 0 found</error>
    <error line="19" column="41" source="Generic.Functions.FunctionCallArgumentSpacing.NoSpaceAfterComma" severity="5" fixable="1">No space found after comma in argument list</error>
    <error line="33" column="5" source="Squiz.WhiteSpace.FunctionSpacing.AfterLast" severity="5" fixable="1">Expected 1 blank line after function; 0 found</error>
</file>
<file name="/app/database/migrations/2024_03_15_134840_create_balances_table.php" errors="3" warnings="0" fixable="3">
    <error line="1" column="1" source="SlevomatCodingStandard.TypeHints.DeclareStrictTypes.DeclareStrictTypesMissing" severity="5" fixable="1">Missing declare(strict_types=1).</error>
    <error line="13" column="12" source="Squiz.WhiteSpace.FunctionSpacing.BeforeFirst" severity="5" fixable="1">Expected 1 blank line before function; 0 found</error>
    <error line="34" column="5" source="Squiz.WhiteSpace.FunctionSpacing.AfterLast" severity="5" fixable="1">Expected 1 blank line after function; 0 found</error>
</file>
<file name="/app/database/seeders/DatabaseSeeder.php" errors="3" warnings="0" fixable="3">
    <error line="1" column="1" source="SlevomatCodingStandard.TypeHints.DeclareStrictTypes.DeclareStrictTypesMissing" severity="5" fixable="1">Missing declare(strict_types=1).</error>
    <error line="14" column="12" source="Squiz.WhiteSpace.FunctionSpacing.BeforeFirst" severity="5" fixable="1">Expected 1 blank line before function; 0 found</error>
    <error line="20" column="5" source="Squiz.WhiteSpace.FunctionSpacing.AfterLast" severity="5" fixable="1">Expected 1 blank line after function; 0 found</error>
</file>
<file name="/app/database/seeders/UserSeeder.php" errors="5" warnings="0" fixable="5">
    <error line="1" column="1" source="SlevomatCodingStandard.TypeHints.DeclareStrictTypes.DeclareStrictTypesMissing" severity="5" fixable="1">Missing declare(strict_types=1).</error>
    <error line="5" column="1" source="SlevomatCodingStandard.Namespaces.UnusedUses.UnusedUse" severity="5" fixable="1">Type Illuminate\Database\Console\Seeds\WithoutModelEvents is not used in this file.</error>
    <error line="15" column="12" source="Squiz.WhiteSpace.FunctionSpacing.BeforeFirst" severity="5" fixable="1">Expected 1 blank line before function; 0 found</error>
    <error line="17" column="9" source="SlevomatCodingStandard.Commenting.EmptyComment.EmptyComment" severity="5" fixable="1">Empty comment</error>
    <error line="18" column="5" source="Squiz.WhiteSpace.FunctionSpacing.AfterLast" severity="5" fixable="1">Expected 1 blank line after function; 0 found</error>
</file>
<file name="/app/database/seeders/ProductSeeder.php" errors="2" warnings="0" fixable="2">
    <error line="1" column="1" source="SlevomatCodingStandard.TypeHints.DeclareStrictTypes.DeclareStrictTypesMissing" severity="5" fixable="1">Missing declare(strict_types=1).</error>
    <error line="14" column="5" source="Squiz.WhiteSpace.FunctionSpacing.AfterLast" severity="5" fixable="1">Expected 1 blank line after function; 0 found</error>
</file>
<file name="/app/config/cors.php" errors="1" warnings="0" fixable="1">
    <error line="1" column="1" source="SlevomatCodingStandard.TypeHints.DeclareStrictTypes.DeclareStrictTypesMissing" severity="5" fixable="1">Missing declare(strict_types=1).</error>
</file>
<file name="/app/config/view.php" errors="2" warnings="0" fixable="2">
    <error line="1" column="1" source="SlevomatCodingStandard.TypeHints.DeclareStrictTypes.DeclareStrictTypesMissing" severity="5" fixable="1">Missing declare(strict_types=1).</error>
    <error line="33" column="49" source="SlevomatCodingStandard.Functions.RequireTrailingCommaInCall.MissingTrailingComma" severity="5" fixable="1">Multi-line function calls must have a trailing comma after the last parameter.</error>
</file>
<file name="/app/config/octane.php" errors="12" warnings="0" fixable="12">
    <error line="1" column="1" source="SlevomatCodingStandard.TypeHints.DeclareStrictTypes.DeclareStrictTypesMissing" severity="5" fixable="1">Missing declare(strict_types=1).</error>
    <error line="14" column="1" source="SlevomatCodingStandard.Namespaces.UnusedUses.UnusedUse" severity="5" fixable="1">Type Laravel\Octane\Listeners\CollectGarbage is not used in this file.</error>
    <error line="15" column="1" source="SlevomatCodingStandard.Namespaces.UnusedUses.UnusedUse" severity="5" fixable="1">Type Laravel\Octane\Listeners\DisconnectFromDatabases is not used in this file.</error>
    <error line="19" column="1" source="SlevomatCodingStandard.Namespaces.UnusedUses.UnusedUse" severity="5" fixable="1">Type Laravel\Octane\Listeners\FlushUploadedFiles is not used in this file.</error>
    <error line="74" column="13" source="SlevomatCodingStandard.Commenting.EmptyComment.EmptyComment" severity="5" fixable="1">Empty comment</error>
    <error line="78" column="13" source="SlevomatCodingStandard.Commenting.EmptyComment.EmptyComment" severity="5" fixable="1">Empty comment</error>
    <error line="87" column="13" source="SlevomatCodingStandard.Commenting.EmptyComment.EmptyComment" severity="5" fixable="1">Empty comment</error>
    <error line="91" column="13" source="SlevomatCodingStandard.Commenting.EmptyComment.EmptyComment" severity="5" fixable="1">Empty comment</error>
    <error line="96" column="13" source="SlevomatCodingStandard.Commenting.EmptyComment.EmptyComment" severity="5" fixable="1">Empty comment</error>
    <error line="100" column="13" source="SlevomatCodingStandard.Commenting.EmptyComment.EmptyComment" severity="5" fixable="1">Empty comment</error>
    <error line="115" column="13" source="SlevomatCodingStandard.Commenting.EmptyComment.EmptyComment" severity="5" fixable="1">Empty comment</error>
    <error line="135" column="9" source="SlevomatCodingStandard.Commenting.EmptyComment.EmptyComment" severity="5" fixable="1">Empty comment</error>
</file>
<file name="/app/config/cache.php" errors="3" warnings="0" fixable="3">
    <error line="1" column="1" source="SlevomatCodingStandard.TypeHints.DeclareStrictTypes.DeclareStrictTypesMissing" severity="5" fixable="1">Missing declare(strict_types=1).</error>
    <error line="108" column="79" source="PSR12.Operators.OperatorSpacing.NoSpaceBefore" severity="5" fixable="1">Expected at least 1 space before &quot;.&quot;; 0 found</error>
    <error line="108" column="79" source="PSR12.Operators.OperatorSpacing.NoSpaceAfter" severity="5" fixable="1">Expected at least 1 space after &quot;.&quot;; 0 found</error>
</file>
<file name="/app/config/app.php" errors="2" warnings="0" fixable="2">
    <error line="1" column="1" source="SlevomatCodingStandard.TypeHints.DeclareStrictTypes.DeclareStrictTypesMissing" severity="5" fixable="1">Missing declare(strict_types=1).</error>
    <error line="179" column="47" source="SlevomatCodingStandard.Arrays.TrailingArrayComma.MissingTrailingComma" severity="5" fixable="1">Multi-line arrays must have a trailing comma after the last element.</error>
</file>
<file name="/app/config/mail.php" errors="1" warnings="0" fixable="1">
    <error line="1" column="1" source="SlevomatCodingStandard.TypeHints.DeclareStrictTypes.DeclareStrictTypesMissing" severity="5" fixable="1">Missing declare(strict_types=1).</error>
</file>
<file name="/app/config/database.php" errors="3" warnings="0" fixable="3">
    <error line="1" column="1" source="SlevomatCodingStandard.TypeHints.DeclareStrictTypes.DeclareStrictTypesMissing" severity="5" fixable="1">Missing declare(strict_types=1).</error>
    <error line="126" column="87" source="PSR12.Operators.OperatorSpacing.NoSpaceBefore" severity="5" fixable="1">Expected at least 1 space before &quot;.&quot;; 0 found</error>
    <error line="126" column="87" source="PSR12.Operators.OperatorSpacing.NoSpaceAfter" severity="5" fixable="1">Expected at least 1 space after &quot;.&quot;; 0 found</error>
</file>
<file name="/app/config/broadcasting.php" errors="1" warnings="0" fixable="1">
    <error line="1" column="1" source="SlevomatCodingStandard.TypeHints.DeclareStrictTypes.DeclareStrictTypesMissing" severity="5" fixable="1">Missing declare(strict_types=1).</error>
</file>
<file name="/app/config/sanctum.php" errors="4" warnings="0" fixable="4">
    <error line="1" column="1" source="SlevomatCodingStandard.TypeHints.DeclareStrictTypes.DeclareStrictTypesMissing" severity="5" fixable="1">Missing declare(strict_types=1).</error>
    <error line="19" column="29" source="PSR12.Operators.OperatorSpacing.NoSpaceBefore" severity="5" fixable="1">Expected at least 1 space before &quot;.&quot;; 0 found</error>
    <error line="19" column="29" source="PSR12.Operators.OperatorSpacing.NoSpaceAfter" severity="5" fixable="1">Expected at least 1 space after &quot;.&quot;; 0 found</error>
    <error line="19" column="72" source="SlevomatCodingStandard.Functions.RequireTrailingCommaInCall.MissingTrailingComma" severity="5" fixable="1">Multi-line function calls must have a trailing comma after the last parameter.</error>
</file>
<file name="/app/config/session.php" errors="4" warnings="0" fixable="4">
    <error line="1" column="1" source="SlevomatCodingStandard.TypeHints.DeclareStrictTypes.DeclareStrictTypesMissing" severity="5" fixable="1">Missing declare(strict_types=1).</error>
    <error line="131" column="51" source="PSR12.Operators.OperatorSpacing.NoSpaceBefore" severity="5" fixable="1">Expected at least 1 space before &quot;.&quot;; 0 found</error>
    <error line="131" column="51" source="PSR12.Operators.OperatorSpacing.NoSpaceAfter" severity="5" fixable="1">Expected at least 1 space after &quot;.&quot;; 0 found</error>
    <error line="131" column="52" source="SlevomatCodingStandard.Functions.RequireTrailingCommaInCall.MissingTrailingComma" severity="5" fixable="1">Multi-line function calls must have a trailing comma after the last parameter.</error>
</file>
<file name="/app/config/queue.php" errors="1" warnings="0" fixable="1">
    <error line="1" column="1" source="SlevomatCodingStandard.TypeHints.DeclareStrictTypes.DeclareStrictTypesMissing" severity="5" fixable="1">Missing declare(strict_types=1).</error>
</file>
<file name="/app/config/logging.php" errors="1" warnings="0" fixable="1">
    <error line="129" column="47" source="SlevomatCodingStandard.Arrays.TrailingArrayComma.MissingTrailingComma" severity="5" fixable="1">Multi-line arrays must have a trailing comma after the last element.</error>
</file>
<file name="/app/config/services.php" errors="1" warnings="0" fixable="1">
    <error line="1" column="1" source="SlevomatCodingStandard.TypeHints.DeclareStrictTypes.DeclareStrictTypesMissing" severity="5" fixable="1">Missing declare(strict_types=1).</error>
</file>
<file name="/app/config/auth.php" errors="1" warnings="0" fixable="1">
    <error line="1" column="1" source="SlevomatCodingStandard.TypeHints.DeclareStrictTypes.DeclareStrictTypesMissing" severity="5" fixable="1">Missing declare(strict_types=1).</error>
</file>
<file name="/app/config/filesystems.php" errors="3" warnings="0" fixable="3">
    <error line="1" column="1" source="SlevomatCodingStandard.TypeHints.DeclareStrictTypes.DeclareStrictTypesMissing" severity="5" fixable="1">Missing declare(strict_types=1).</error>
    <error line="41" column="36" source="PSR12.Operators.OperatorSpacing.NoSpaceBefore" severity="5" fixable="1">Expected at least 1 space before &quot;.&quot;; 0 found</error>
    <error line="41" column="36" source="PSR12.Operators.OperatorSpacing.NoSpaceAfter" severity="5" fixable="1">Expected at least 1 space after &quot;.&quot;; 0 found</error>
</file>
<file name="/app/config/hashing.php" errors="1" warnings="0" fixable="1">
    <error line="1" column="1" source="SlevomatCodingStandard.TypeHints.DeclareStrictTypes.DeclareStrictTypesMissing" severity="5" fixable="1">Missing declare(strict_types=1).</error>
</file>
<file name="/app/tests/CreatesApplication.php" errors="5" warnings="0" fixable="5">
    <error line="1" column="1" source="SlevomatCodingStandard.TypeHints.DeclareStrictTypes.DeclareStrictTypesMissing" severity="5" fixable="1">Missing declare(strict_types=1).</error>
    <error line="14" column="12" source="Squiz.WhiteSpace.FunctionSpacing.BeforeFirst" severity="5" fixable="1">Expected 1 blank line before function; 0 found</error>
    <error line="16" column="31" source="PSR12.Operators.OperatorSpacing.NoSpaceBefore" severity="5" fixable="1">Expected at least 1 space before &quot;.&quot;; 0 found</error>
    <error line="16" column="31" source="PSR12.Operators.OperatorSpacing.NoSpaceAfter" severity="5" fixable="1">Expected at least 1 space after &quot;.&quot;; 0 found</error>
    <error line="21" column="5" source="Squiz.WhiteSpace.FunctionSpacing.AfterLast" severity="5" fixable="1">Expected 1 blank line after function; 0 found</error>
</file>
<file name="/app/tests/TestCase.php" errors="1" warnings="0" fixable="1">
    <error line="1" column="1" source="SlevomatCodingStandard.TypeHints.DeclareStrictTypes.DeclareStrictTypesMissing" severity="5" fixable="1">Missing declare(strict_types=1).</error>
</file>
<file name="/app/tests/Unit/ExampleTest.php" errors="4" warnings="0" fixable="3">
    <error line="1" column="1" source="SlevomatCodingStandard.TypeHints.DeclareStrictTypes.DeclareStrictTypesMissing" severity="5" fixable="1">Missing declare(strict_types=1).</error>
    <error line="14" column="12" source="PSR1.Methods.CamelCapsMethodName.NotCamelCaps" severity="5" fixable="0">Method name &quot;ExampleTest::test_that_true_is_true&quot; is not in camel caps format</error>
    <error line="14" column="12" source="Squiz.WhiteSpace.FunctionSpacing.BeforeFirst" severity="5" fixable="1">Expected 1 blank line before function; 0 found</error>
    <error line="17" column="5" source="Squiz.WhiteSpace.FunctionSpacing.AfterLast" severity="5" fixable="1">Expected 1 blank line after function; 0 found</error>
</file>
<file name="/app/tests/Feature/ExampleTest.php" errors="5" warnings="0" fixable="4">
    <error line="1" column="1" source="SlevomatCodingStandard.TypeHints.DeclareStrictTypes.DeclareStrictTypesMissing" severity="5" fixable="1">Missing declare(strict_types=1).</error>
    <error line="5" column="1" source="SlevomatCodingStandard.Namespaces.UnusedUses.UnusedUse" severity="5" fixable="1">Type Illuminate\Foundation\Testing\RefreshDatabase is not used in this file.</error>
    <error line="15" column="12" source="PSR1.Methods.CamelCapsMethodName.NotCamelCaps" severity="5" fixable="0">Method name &quot;ExampleTest::test_the_application_returns_a_successful_response&quot; is not in camel caps format</error>
    <error line="15" column="12" source="Squiz.WhiteSpace.FunctionSpacing.BeforeFirst" severity="5" fixable="1">Expected 1 blank line before function; 0 found</error>
    <error line="20" column="5" source="Squiz.WhiteSpace.FunctionSpacing.AfterLast" severity="5" fixable="1">Expected 1 blank line after function; 0 found</error>
</file>
<file name="/app/bootstrap/app.php" errors="5" warnings="0" fixable="5">
    <error line="1" column="1" source="SlevomatCodingStandard.TypeHints.DeclareStrictTypes.DeclareStrictTypesMissing" severity="5" fixable="1">Missing declare(strict_types=1).</error>
    <error line="15" column="46" source="SlevomatCodingStandard.Functions.RequireTrailingCommaInCall.MissingTrailingComma" severity="5" fixable="1">Multi-line function calls must have a trailing comma after the last parameter.</error>
    <error line="31" column="22" source="SlevomatCodingStandard.Functions.RequireTrailingCommaInCall.MissingTrailingComma" severity="5" fixable="1">Multi-line function calls must have a trailing comma after the last parameter.</error>
    <error line="36" column="25" source="SlevomatCodingStandard.Functions.RequireTrailingCommaInCall.MissingTrailingComma" severity="5" fixable="1">Multi-line function calls must have a trailing comma after the last parameter.</error>
    <error line="41" column="29" source="SlevomatCodingStandard.Functions.RequireTrailingCommaInCall.MissingTrailingComma" severity="5" fixable="1">Multi-line function calls must have a trailing comma after the last parameter.</error>
</file>
<file name="/app/lang/en/validation.php" errors="1" warnings="0" fixable="1">
    <error line="1" column="1" source="SlevomatCodingStandard.TypeHints.DeclareStrictTypes.DeclareStrictTypesMissing" severity="5" fixable="1">Missing declare(strict_types=1).</error>
</file>
<file name="/app/lang/en/passwords.php" errors="1" warnings="0" fixable="1">
    <error line="1" column="1" source="SlevomatCodingStandard.TypeHints.DeclareStrictTypes.DeclareStrictTypesMissing" severity="5" fixable="1">Missing declare(strict_types=1).</error>
</file>
<file name="/app/lang/en/pagination.php" errors="1" warnings="0" fixable="1">
    <error line="1" column="1" source="SlevomatCodingStandard.TypeHints.DeclareStrictTypes.DeclareStrictTypesMissing" severity="5" fixable="1">Missing declare(strict_types=1).</error>
</file>
<file name="/app/lang/en/auth.php" errors="1" warnings="0" fixable="1">
    <error line="1" column="1" source="SlevomatCodingStandard.TypeHints.DeclareStrictTypes.DeclareStrictTypesMissing" severity="5" fixable="1">Missing declare(strict_types=1).</error>
</file>
<file name="/app/app/Exceptions/UnableToDeleteException.php" errors="3" warnings="0" fixable="1">
    <error line="1" column="1" source="SlevomatCodingStandard.TypeHints.DeclareStrictTypes.DeclareStrictTypesMissing" severity="5" fixable="1">Missing declare(strict_types=1).</error>
    <error line="7" column="15" source="SlevomatCodingStandard.TypeHints.PropertyTypeHint.MissingAnyTypeHint" severity="5" fixable="0">Property \App\Exceptions\UnableToDeleteException::$code does not have native type hint nor @var annotation for its value.</error>
    <error line="9" column="15" source="SlevomatCodingStandard.TypeHints.PropertyTypeHint.MissingAnyTypeHint" severity="5" fixable="0">Property \App\Exceptions\UnableToDeleteException::$message does not have native type hint nor @var annotation for its value.</error>
</file>
<file name="/app/app/Exceptions/UnableToUpdateException.php" errors="3" warnings="0" fixable="1">
    <error line="1" column="1" source="SlevomatCodingStandard.TypeHints.DeclareStrictTypes.DeclareStrictTypesMissing" severity="5" fixable="1">Missing declare(strict_types=1).</error>
    <error line="7" column="15" source="SlevomatCodingStandard.TypeHints.PropertyTypeHint.MissingAnyTypeHint" severity="5" fixable="0">Property \App\Exceptions\UnableToUpdateException::$code does not have native type hint nor @var annotation for its value.</error>
    <error line="9" column="15" source="SlevomatCodingStandard.TypeHints.PropertyTypeHint.MissingAnyTypeHint" severity="5" fixable="0">Property \App\Exceptions\UnableToUpdateException::$message does not have native type hint nor @var annotation for its value.</error>
</file>
<file name="/app/app/Exceptions/Handler.php" errors="6" warnings="0" fixable="6">
    <error line="1" column="1" source="SlevomatCodingStandard.TypeHints.DeclareStrictTypes.DeclareStrictTypesMissing" severity="5" fixable="1">Missing declare(strict_types=1).</error>
    <error line="9" column="1" source="SlevomatCodingStandard.Namespaces.UnusedUses.UnusedUse" severity="5" fixable="1">Type Throwable is not used in this file.</error>
    <error line="19" column="9" source="SlevomatCodingStandard.Commenting.EmptyComment.EmptyComment" severity="5" fixable="1">Empty comment</error>
    <error line="45" column="34" source="SlevomatCodingStandard.Arrays.TrailingArrayComma.MissingTrailingComma" severity="5" fixable="1">Multi-line arrays must have a trailing comma after the last element.</error>
    <error line="70" column="5" source="Squiz.WhiteSpace.FunctionSpacing.AfterLast" severity="5" fixable="1">Expected 1 blank line after function; 0 found</error>
    <error line="71" column="1" source="PSR2.Files.EndFileNewline.TooMany" severity="5" fixable="1">Expected 1 blank line at end of file; 2 found</error>
</file>
<file name="/app/app/Exceptions/UnableToCreateException.php" errors="3" warnings="0" fixable="1">
    <error line="1" column="1" source="SlevomatCodingStandard.TypeHints.DeclareStrictTypes.DeclareStrictTypesMissing" severity="5" fixable="1">Missing declare(strict_types=1).</error>
    <error line="7" column="15" source="SlevomatCodingStandard.TypeHints.PropertyTypeHint.MissingAnyTypeHint" severity="5" fixable="0">Property \App\Exceptions\UnableToCreateException::$code does not have native type hint nor @var annotation for its value.</error>
    <error line="9" column="15" source="SlevomatCodingStandard.TypeHints.PropertyTypeHint.MissingAnyTypeHint" severity="5" fixable="0">Property \App\Exceptions\UnableToCreateException::$message does not have native type hint nor @var annotation for its value.</error>
</file>
<file name="/app/app/Contracts/CartProduct/CartProductDelete.php" errors="3" warnings="0" fixable="3">
    <error line="1" column="1" source="SlevomatCodingStandard.TypeHints.DeclareStrictTypes.DeclareStrictTypesMissing" severity="5" fixable="1">Missing declare(strict_types=1).</error>
    <error line="9" column="12" source="Squiz.WhiteSpace.FunctionSpacing.BeforeFirst" severity="5" fixable="1">Expected 1 blank line before function; 0 found</error>
    <error line="9" column="67" source="Squiz.WhiteSpace.FunctionSpacing.AfterLast" severity="5" fixable="1">Expected 1 blank line after function; 0 found</error>
</file>
<file name="/app/app/Contracts/CartProduct/CartProductCreate.php" errors="3" warnings="0" fixable="3">
    <error line="1" column="1" source="SlevomatCodingStandard.TypeHints.DeclareStrictTypes.DeclareStrictTypesMissing" severity="5" fixable="1">Missing declare(strict_types=1).</error>
    <error line="10" column="12" source="Squiz.WhiteSpace.FunctionSpacing.BeforeFirst" severity="5" fixable="1">Expected 1 blank line before function; 0 found</error>
    <error line="10" column="74" source="Squiz.WhiteSpace.FunctionSpacing.AfterLast" severity="5" fixable="1">Expected 1 blank line after function; 0 found</error>
</file>
<file name="/app/app/Contracts/Order/OrderCreate.php" errors="3" warnings="0" fixable="3">
    <error line="1" column="1" source="SlevomatCodingStandard.TypeHints.DeclareStrictTypes.DeclareStrictTypesMissing" severity="5" fixable="1">Missing declare(strict_types=1).</error>
    <error line="10" column="12" source="Squiz.WhiteSpace.FunctionSpacing.BeforeFirst" severity="5" fixable="1">Expected 1 blank line before function; 0 found</error>
    <error line="10" column="56" source="Squiz.WhiteSpace.FunctionSpacing.AfterLast" severity="5" fixable="1">Expected 1 blank line after function; 0 found</error>
</file>
<file name="/app/app/Contracts/Order/OrderDelete.php" errors="3" warnings="0" fixable="3">
    <error line="1" column="1" source="SlevomatCodingStandard.TypeHints.DeclareStrictTypes.DeclareStrictTypesMissing" severity="5" fixable="1">Missing declare(strict_types=1).</error>
    <error line="9" column="12" source="Squiz.WhiteSpace.FunctionSpacing.BeforeFirst" severity="5" fixable="1">Expected 1 blank line before function; 0 found</error>
    <error line="9" column="55" source="Squiz.WhiteSpace.FunctionSpacing.AfterLast" severity="5" fixable="1">Expected 1 blank line after function; 0 found</error>
</file>
<file name="/app/app/Contracts/User/UserRegistration.php" errors="3" warnings="0" fixable="3">
    <error line="1" column="1" source="SlevomatCodingStandard.TypeHints.DeclareStrictTypes.DeclareStrictTypesMissing" severity="5" fixable="1">Missing declare(strict_types=1).</error>
    <error line="10" column="12" source="Squiz.WhiteSpace.FunctionSpacing.BeforeFirst" severity="5" fixable="1">Expected 1 blank line before function; 0 found</error>
    <error line="10" column="59" source="Squiz.WhiteSpace.FunctionSpacing.AfterLast" severity="5" fixable="1">Expected 1 blank line after function; 0 found</error>
</file>
<file name="/app/app/Http/Resources/CartProduct/CartProductResource.php" errors="4" warnings="0" fixable="4">
    <error line="1" column="1" source="SlevomatCodingStandard.TypeHints.DeclareStrictTypes.DeclareStrictTypesMissing" severity="5" fixable="1">Missing declare(strict_types=1).</error>
    <error line="9" column="12" source="Squiz.WhiteSpace.FunctionSpacing.BeforeFirst" severity="5" fixable="1">Expected 1 blank line before function; 0 found</error>
    <error line="16" column="36" source="SlevomatCodingStandard.Arrays.TrailingArrayComma.MissingTrailingComma" severity="5" fixable="1">Multi-line arrays must have a trailing comma after the last element.</error>
    <error line="18" column="5" source="Squiz.WhiteSpace.FunctionSpacing.AfterLast" severity="5" fixable="1">Expected 1 blank line after function; 0 found</error>
</file>
<file name="/app/app/Http/Resources/Order/OrderResource.php" errors="4" warnings="0" fixable="4">
    <error line="1" column="1" source="SlevomatCodingStandard.TypeHints.DeclareStrictTypes.DeclareStrictTypesMissing" severity="5" fixable="1">Missing declare(strict_types=1).</error>
    <error line="9" column="12" source="Squiz.WhiteSpace.FunctionSpacing.BeforeFirst" severity="5" fixable="1">Expected 1 blank line before function; 0 found</error>
    <error line="17" column="36" source="SlevomatCodingStandard.Arrays.TrailingArrayComma.MissingTrailingComma" severity="5" fixable="1">Multi-line arrays must have a trailing comma after the last element.</error>
    <error line="19" column="5" source="Squiz.WhiteSpace.FunctionSpacing.AfterLast" severity="5" fixable="1">Expected 1 blank line after function; 0 found</error>
</file>
<file name="/app/app/Http/Resources/Order/OrderCollection.php" errors="3" warnings="0" fixable="3">
    <error line="1" column="1" source="SlevomatCodingStandard.TypeHints.DeclareStrictTypes.DeclareStrictTypesMissing" severity="5" fixable="1">Missing declare(strict_types=1).</error>
    <error line="9" column="12" source="Squiz.WhiteSpace.FunctionSpacing.BeforeFirst" severity="5" fixable="1">Expected 1 blank line before function; 0 found</error>
    <error line="14" column="5" source="Squiz.WhiteSpace.FunctionSpacing.AfterLast" severity="5" fixable="1">Expected 1 blank line after function; 0 found</error>
</file>
<file name="/app/app/Http/Resources/User/UserResource.php" errors="6" warnings="0" fixable="6">
    <error line="1" column="1" source="SlevomatCodingStandard.TypeHints.DeclareStrictTypes.DeclareStrictTypesMissing" severity="5" fixable="1">Missing declare(strict_types=1).</error>
    <error line="9" column="12" source="Squiz.WhiteSpace.FunctionSpacing.BeforeFirst" severity="5" fixable="1">Expected 1 blank line before function; 0 found</error>
    <error line="12" column="17" source="PSR12.Operators.OperatorSpacing.NoSpaceBefore" severity="5" fixable="1">Expected at least 1 space before &quot;=&gt;&quot;; 0 found</error>
    <error line="12" column="17" source="PSR12.Operators.OperatorSpacing.NoSpaceAfter" severity="5" fixable="1">Expected at least 1 space after &quot;=&gt;&quot;; 0 found</error>
    <error line="16" column="36" source="SlevomatCodingStandard.Arrays.TrailingArrayComma.MissingTrailingComma" severity="5" fixable="1">Multi-line arrays must have a trailing comma after the last element.</error>
    <error line="18" column="5" source="Squiz.WhiteSpace.FunctionSpacing.AfterLast" severity="5" fixable="1">Expected 1 blank line after function; 0 found</error>
</file>
<file name="/app/app/Http/Resources/Cart/CartResource.php" errors="4" warnings="0" fixable="4">
    <error line="1" column="1" source="SlevomatCodingStandard.TypeHints.DeclareStrictTypes.DeclareStrictTypesMissing" severity="5" fixable="1">Missing declare(strict_types=1).</error>
    <error line="9" column="12" source="Squiz.WhiteSpace.FunctionSpacing.BeforeFirst" severity="5" fixable="1">Expected 1 blank line before function; 0 found</error>
    <error line="17" column="36" source="SlevomatCodingStandard.Arrays.TrailingArrayComma.MissingTrailingComma" severity="5" fixable="1">Multi-line arrays must have a trailing comma after the last element.</error>
    <error line="19" column="5" source="Squiz.WhiteSpace.FunctionSpacing.AfterLast" severity="5" fixable="1">Expected 1 blank line after function; 0 found</error>
</file>
<file name="/app/app/Http/Resources/Balance/BalanceResource.php" errors="5" warnings="0" fixable="5">
    <error line="1" column="1" source="SlevomatCodingStandard.TypeHints.DeclareStrictTypes.DeclareStrictTypesMissing" severity="5" fixable="1">Missing declare(strict_types=1).</error>
    <error line="9" column="12" source="Squiz.WhiteSpace.FunctionSpacing.BeforeFirst" severity="5" fixable="1">Expected 1 blank line before function; 0 found</error>
    <error line="14" column="46" source="Generic.Functions.FunctionCallArgumentSpacing.NoSpaceAfterComma" severity="5" fixable="1">No space found after comma in argument list</error>
    <error line="16" column="36" source="SlevomatCodingStandard.Arrays.TrailingArrayComma.MissingTrailingComma" severity="5" fixable="1">Multi-line arrays must have a trailing comma after the last element.</error>
    <error line="18" column="5" source="Squiz.WhiteSpace.FunctionSpacing.AfterLast" severity="5" fixable="1">Expected 1 blank line after function; 0 found</error>
</file>
<file name="/app/app/Http/Resources/Product/ProductResource.php" errors="6" warnings="0" fixable="6">
    <error line="1" column="1" source="SlevomatCodingStandard.TypeHints.DeclareStrictTypes.DeclareStrictTypesMissing" severity="5" fixable="1">Missing declare(strict_types=1).</error>
    <error line="9" column="12" source="Squiz.WhiteSpace.FunctionSpacing.BeforeFirst" severity="5" fixable="1">Expected 1 blank line before function; 0 found</error>
    <error line="12" column="17" source="PSR12.Operators.OperatorSpacing.NoSpaceBefore" severity="5" fixable="1">Expected at least 1 space before &quot;=&gt;&quot;; 0 found</error>
    <error line="12" column="17" source="PSR12.Operators.OperatorSpacing.NoSpaceAfter" severity="5" fixable="1">Expected at least 1 space after &quot;=&gt;&quot;; 0 found</error>
    <error line="17" column="36" source="SlevomatCodingStandard.Arrays.TrailingArrayComma.MissingTrailingComma" severity="5" fixable="1">Multi-line arrays must have a trailing comma after the last element.</error>
    <error line="19" column="5" source="Squiz.WhiteSpace.FunctionSpacing.AfterLast" severity="5" fixable="1">Expected 1 blank line after function; 0 found</error>
</file>
<file name="/app/app/Http/Resources/Product/ProductCollection.php" errors="3" warnings="0" fixable="3">
    <error line="1" column="1" source="SlevomatCodingStandard.TypeHints.DeclareStrictTypes.DeclareStrictTypesMissing" severity="5" fixable="1">Missing declare(strict_types=1).</error>
    <error line="9" column="12" source="Squiz.WhiteSpace.FunctionSpacing.BeforeFirst" severity="5" fixable="1">Expected 1 blank line before function; 0 found</error>
    <error line="14" column="5" source="Squiz.WhiteSpace.FunctionSpacing.AfterLast" severity="5" fixable="1">Expected 1 blank line after function; 0 found</error>
</file>
<file name="/app/app/Http/Controllers/CartProductController.php" errors="7" warnings="0" fixable="7">
    <error line="1" column="1" source="SlevomatCodingStandard.TypeHints.DeclareStrictTypes.DeclareStrictTypesMissing" severity="5" fixable="1">Missing declare(strict_types=1).</error>
    <error line="15" column="12" source="Squiz.WhiteSpace.FunctionSpacing.BeforeFirst" severity="5" fixable="1">Expected 1 blank line before function; 0 found</error>
    <error line="20" column="1" source="PSR2.Methods.FunctionCallSignature.Indent" severity="5" fixable="1">Multi-line function call not indented correctly; expected 12 spaces but found 16</error>
    <error line="20" column="44" source="SlevomatCodingStandard.Functions.RequireTrailingCommaInCall.MissingTrailingComma" severity="5" fixable="1">Multi-line function calls must have a trailing comma after the last parameter.</error>
    <error line="20" column="44" source="PSR2.Methods.FunctionCallSignature.CloseBracketLine" severity="5" fixable="1">Closing parenthesis of a multi-line function call must be on a line by itself</error>
    <error line="30" column="39" source="SlevomatCodingStandard.Functions.RequireTrailingCommaInCall.MissingTrailingComma" severity="5" fixable="1">Multi-line function calls must have a trailing comma after the last parameter.</error>
    <error line="36" column="5" source="Squiz.WhiteSpace.FunctionSpacing.AfterLast" severity="5" fixable="1">Expected 1 blank line after function; 0 found</error>
</file>
<file name="/app/app/Http/Controllers/OrderController.php" errors="8" warnings="0" fixable="8">
    <error line="1" column="1" source="SlevomatCodingStandard.TypeHints.DeclareStrictTypes.DeclareStrictTypesMissing" severity="5" fixable="1">Missing declare(strict_types=1).</error>
    <error line="16" column="12" source="Squiz.WhiteSpace.FunctionSpacing.BeforeFirst" severity="5" fixable="1">Expected 1 blank line before function; 0 found</error>
    <error line="30" column="34" source="SlevomatCodingStandard.Functions.RequireTrailingCommaInCall.MissingTrailingComma" severity="5" fixable="1">Multi-line function calls must have a trailing comma after the last parameter.</error>
    <error line="31" column="17" source="SlevomatCodingStandard.Functions.RequireTrailingCommaInCall.MissingTrailingComma" severity="5" fixable="1">Multi-line function calls must have a trailing comma after the last parameter.</error>
    <error line="32" column="1" source="PSR2.Methods.FunctionCallSignature.Indent" severity="5" fixable="1">Multi-line function call not indented correctly; expected 8 spaces but found 12</error>
    <error line="32" column="14" source="PSR2.Methods.FunctionCallSignature.CloseBracketLine" severity="5" fixable="1">Closing parenthesis of a multi-line function call must be on a line by itself</error>
    <error line="45" column="26" source="SlevomatCodingStandard.Functions.RequireTrailingCommaInCall.MissingTrailingComma" severity="5" fixable="1">Multi-line function calls must have a trailing comma after the last parameter.</error>
    <error line="55" column="5" source="Squiz.WhiteSpace.FunctionSpacing.AfterLast" severity="5" fixable="1">Expected 1 blank line after function; 0 found</error>
</file>
<file name="/app/app/Http/Controllers/UserController.php" errors="5" warnings="0" fixable="5">
    <error line="1" column="1" source="SlevomatCodingStandard.TypeHints.DeclareStrictTypes.DeclareStrictTypesMissing" severity="5" fixable="1">Missing declare(strict_types=1).</error>
    <error line="14" column="12" source="Squiz.WhiteSpace.FunctionSpacing.BeforeFirst" severity="5" fixable="1">Expected 1 blank line before function; 0 found</error>
    <error line="15" column="25" source="SlevomatCodingStandard.Whitespaces.DuplicateSpaces.DuplicateSpaces" severity="5" fixable="1">Duplicate spaces at position 25.</error>
    <error line="16" column="25" source="SlevomatCodingStandard.Whitespaces.DuplicateSpaces.DuplicateSpaces" severity="5" fixable="1">Duplicate spaces at position 25.</error>
    <error line="19" column="5" source="Squiz.Functions.MultiLineFunctionDeclaration.NewlineBeforeOpenBrace" severity="5" fixable="1">The closing parenthesis and the opening brace of a multi-line function declaration must be on the same line</error>
</file>
<file name="/app/app/Http/Controllers/BalanceController.php" errors="4" warnings="1" fixable="4">
    <error line="1" column="1" source="SlevomatCodingStandard.TypeHints.DeclareStrictTypes.DeclareStrictTypesMissing" severity="5" fixable="1">Missing declare(strict_types=1).</error>
    <error line="6" column="1" source="SlevomatCodingStandard.Namespaces.UnusedUses.UnusedUse" severity="5" fixable="1">Type App\Exceptions\UnableToUpdateException is not used in this file.</error>
    <warning line="19" column="5" source="Generic.Files.LineLength.TooLong" severity="5" fixable="0">Line exceeds 120 characters; contains 123 characters</warning>
    <error line="31" column="13" source="SlevomatCodingStandard.Functions.RequireTrailingCommaInCall.MissingTrailingComma" severity="5" fixable="1">Multi-line function calls must have a trailing comma after the last parameter.</error>
    <error line="35" column="5" source="Squiz.WhiteSpace.FunctionSpacing.AfterLast" severity="5" fixable="1">Expected 1 blank line after function; 0 found</error>
</file>
<file name="/app/app/Http/Controllers/ProductController.php" errors="2" warnings="0" fixable="2">
    <error line="1" column="1" source="SlevomatCodingStandard.TypeHints.DeclareStrictTypes.DeclareStrictTypesMissing" severity="5" fixable="1">Missing declare(strict_types=1).</error>
    <error line="11" column="12" source="Squiz.WhiteSpace.FunctionSpacing.BeforeFirst" severity="5" fixable="1">Expected 1 blank line before function; 0 found</error>
</file>
<file name="/app/app/Http/Controllers/Controller.php" errors="3" warnings="0" fixable="3">
    <error line="1" column="1" source="SlevomatCodingStandard.TypeHints.DeclareStrictTypes.DeclareStrictTypesMissing" severity="5" fixable="1">Missing declare(strict_types=1).</error>
    <error line="12" column="5" source="SlevomatCodingStandard.Classes.TraitUseSpacing.IncorrectLinesCountBeforeFirstUse" severity="5" fixable="1">Expected 1 line before first use statement, found 0.</error>
    <error line="12" column="27" source="PSR12.Traits.UseDeclaration.MultipleImport" severity="5" fixable="1">Each imported trait must have its own &quot;use&quot; import statement</error>
</file>
<file name="/app/app/Http/Controllers/CartController.php" errors="2" warnings="0" fixable="2">
    <error line="1" column="1" source="SlevomatCodingStandard.TypeHints.DeclareStrictTypes.DeclareStrictTypesMissing" severity="5" fixable="1">Missing declare(strict_types=1).</error>
    <error line="10" column="12" source="Squiz.WhiteSpace.FunctionSpacing.BeforeFirst" severity="5" fixable="1">Expected 1 blank line before function; 0 found</error>
</file>
<file name="/app/app/Http/Requests/StoreCartProductRequest.php" errors="2" warnings="0" fixable="2">
    <error line="1" column="1" source="SlevomatCodingStandard.TypeHints.DeclareStrictTypes.DeclareStrictTypesMissing" severity="5" fixable="1">Missing declare(strict_types=1).</error>
    <error line="7" column="12" source="Squiz.WhiteSpace.FunctionSpacing.BeforeFirst" severity="5" fixable="1">Expected 1 blank line before function; 0 found</error>
</file>
<file name="/app/app/Http/Requests/StoreUserRequest.php" errors="3" warnings="0" fixable="3">
    <error line="1" column="1" source="SlevomatCodingStandard.TypeHints.DeclareStrictTypes.DeclareStrictTypesMissing" severity="5" fixable="1">Missing declare(strict_types=1).</error>
    <error line="7" column="12" source="Squiz.WhiteSpace.FunctionSpacing.BeforeFirst" severity="5" fixable="1">Expected 1 blank line before function; 0 found</error>
    <error line="10" column="54" source="SlevomatCodingStandard.Arrays.TrailingArrayComma.MissingTrailingComma" severity="5" fixable="1">Multi-line arrays must have a trailing comma after the last element.</error>
</file>
<file name="/app/app/Http/Requests/UpdateBalanceRequest.php" errors="4" warnings="0" fixable="4">
    <error line="1" column="1" source="SlevomatCodingStandard.TypeHints.DeclareStrictTypes.DeclareStrictTypesMissing" severity="5" fixable="1">Missing declare(strict_types=1).</error>
    <error line="7" column="12" source="Squiz.WhiteSpace.FunctionSpacing.BeforeFirst" severity="5" fixable="1">Expected 1 blank line before function; 0 found</error>
    <error line="10" column="57" source="SlevomatCodingStandard.Arrays.TrailingArrayComma.MissingTrailingComma" severity="5" fixable="1">Multi-line arrays must have a trailing comma after the last element.</error>
    <error line="12" column="5" source="Squiz.WhiteSpace.FunctionSpacing.AfterLast" severity="5" fixable="1">Expected 1 blank line after function; 0 found</error>
</file>
<file name="/app/app/Http/Requests/BaseFormRequest.php" errors="3" warnings="0" fixable="3">
    <error line="1" column="1" source="SlevomatCodingStandard.TypeHints.DeclareStrictTypes.DeclareStrictTypesMissing" severity="5" fixable="1">Missing declare(strict_types=1).</error>
    <error line="11" column="12" source="Squiz.WhiteSpace.FunctionSpacing.BeforeFirst" severity="5" fixable="1">Expected 1 blank line before function; 0 found</error>
    <error line="19" column="5" source="Squiz.WhiteSpace.FunctionSpacing.AfterLast" severity="5" fixable="1">Expected 1 blank line after function; 0 found</error>
</file>
<file name="/app/app/Http/Kernel.php" errors="1" warnings="0" fixable="1">
    <error line="1" column="1" source="SlevomatCodingStandard.TypeHints.DeclareStrictTypes.DeclareStrictTypesMissing" severity="5" fixable="1">Missing declare(strict_types=1).</error>
</file>
<file name="/app/app/Http/Middleware/TrustProxies.php" errors="1" warnings="0" fixable="1">
    <error line="1" column="1" source="SlevomatCodingStandard.TypeHints.DeclareStrictTypes.DeclareStrictTypesMissing" severity="5" fixable="1">Missing declare(strict_types=1).</error>
</file>
<file name="/app/app/Http/Middleware/PreventRequestsDuringMaintenance.php" errors="2" warnings="0" fixable="2">
    <error line="1" column="1" source="SlevomatCodingStandard.TypeHints.DeclareStrictTypes.DeclareStrictTypesMissing" severity="5" fixable="1">Missing declare(strict_types=1).</error>
    <error line="15" column="9" source="SlevomatCodingStandard.Commenting.EmptyComment.EmptyComment" severity="5" fixable="1">Empty comment</error>
</file>
<file name="/app/app/Http/Middleware/TrimStrings.php" errors="1" warnings="0" fixable="1">
    <error line="1" column="1" source="SlevomatCodingStandard.TypeHints.DeclareStrictTypes.DeclareStrictTypesMissing" severity="5" fixable="1">Missing declare(strict_types=1).</error>
</file>
<file name="/app/app/Http/Middleware/VerifyCsrfToken.php" errors="2" warnings="0" fixable="2">
    <error line="1" column="1" source="SlevomatCodingStandard.TypeHints.DeclareStrictTypes.DeclareStrictTypesMissing" severity="5" fixable="1">Missing declare(strict_types=1).</error>
    <error line="15" column="9" source="SlevomatCodingStandard.Commenting.EmptyComment.EmptyComment" severity="5" fixable="1">Empty comment</error>
</file>
<file name="/app/app/Http/Middleware/RedirectIfAuthenticated.php" errors="9" warnings="0" fixable="9">
    <error line="1" column="1" source="SlevomatCodingStandard.TypeHints.DeclareStrictTypes.DeclareStrictTypesMissing" severity="5" fixable="1">Missing declare(strict_types=1).</error>
    <error line="15" column="14" source="SlevomatCodingStandard.Whitespaces.DuplicateSpaces.DuplicateSpaces" severity="5" fixable="1">Duplicate spaces at position 14.</error>
    <error line="15" column="16" source="SlevomatCodingStandard.Whitespaces.DuplicateSpaces.DuplicateSpaces" severity="5" fixable="1">Duplicate spaces at position 40.</error>
    <error line="16" column="14" source="SlevomatCodingStandard.Whitespaces.DuplicateSpaces.DuplicateSpaces" severity="5" fixable="1">Duplicate spaces at position 14.</error>
    <error line="16" column="16" source="SlevomatCodingStandard.Whitespaces.DuplicateSpaces.DuplicateSpaces" severity="5" fixable="1">Duplicate spaces at position 113.</error>
    <error line="17" column="14" source="SlevomatCodingStandard.Whitespaces.DuplicateSpaces.DuplicateSpaces" severity="5" fixable="1">Duplicate spaces at position 14.</error>
    <error line="17" column="16" source="SlevomatCodingStandard.Whitespaces.DuplicateSpaces.DuplicateSpaces" severity="5" fixable="1">Duplicate spaces at position 27.</error>
    <error line="20" column="12" source="Squiz.WhiteSpace.FunctionSpacing.BeforeFirst" severity="5" fixable="1">Expected 1 blank line before function; 0 found</error>
    <error line="31" column="5" source="Squiz.WhiteSpace.FunctionSpacing.AfterLast" severity="5" fixable="1">Expected 1 blank line after function; 0 found</error>
</file>
<file name="/app/app/Http/Middleware/Authenticate.php" errors="4" warnings="0" fixable="4">
    <error line="1" column="1" source="SlevomatCodingStandard.TypeHints.DeclareStrictTypes.DeclareStrictTypesMissing" severity="5" fixable="1">Missing declare(strict_types=1).</error>
    <error line="7" column="1" source="SlevomatCodingStandard.Namespaces.UnusedUses.UnusedUse" severity="5" fixable="1">Type Illuminate\Support\Facades\Auth is not used in this file.</error>
    <error line="15" column="69" source="Generic.Functions.FunctionCallArgumentSpacing.NoSpaceAfterComma" severity="5" fixable="1">No space found after comma in argument list</error>
    <error line="21" column="5" source="Squiz.WhiteSpace.FunctionSpacing.AfterLast" severity="5" fixable="1">Expected 1 blank line after function; 0 found</error>
</file>
<file name="/app/app/Http/Middleware/EncryptCookies.php" errors="2" warnings="0" fixable="2">
    <error line="1" column="1" source="SlevomatCodingStandard.TypeHints.DeclareStrictTypes.DeclareStrictTypesMissing" severity="5" fixable="1">Missing declare(strict_types=1).</error>
    <error line="15" column="9" source="SlevomatCodingStandard.Commenting.EmptyComment.EmptyComment" severity="5" fixable="1">Empty comment</error>
</file>
<file name="/app/app/Http/Middleware/TrustHosts.php" errors="3" warnings="0" fixable="3">
    <error line="1" column="1" source="SlevomatCodingStandard.TypeHints.DeclareStrictTypes.DeclareStrictTypesMissing" severity="5" fixable="1">Missing declare(strict_types=1).</error>
    <error line="14" column="12" source="Squiz.WhiteSpace.FunctionSpacing.BeforeFirst" severity="5" fixable="1">Expected 1 blank line before function; 0 found</error>
    <error line="19" column="5" source="Squiz.WhiteSpace.FunctionSpacing.AfterLast" severity="5" fixable="1">Expected 1 blank line after function; 0 found</error>
</file>
<file name="/app/app/Http/DTO/OrderDTO.php" errors="5" warnings="0" fixable="5">
    <error line="1" column="1" source="SlevomatCodingStandard.TypeHints.DeclareStrictTypes.DeclareStrictTypesMissing" severity="5" fixable="1">Missing declare(strict_types=1).</error>
    <error line="7" column="12" source="Squiz.WhiteSpace.FunctionSpacing.BeforeFirst" severity="5" fixable="1">Expected 1 blank line before function; 0 found</error>
    <error line="8" column="20" source="SlevomatCodingStandard.Whitespaces.DuplicateSpaces.DuplicateSpaces" severity="5" fixable="1">Duplicate spaces at position 20.</error>
    <error line="9" column="20" source="SlevomatCodingStandard.Whitespaces.DuplicateSpaces.DuplicateSpaces" severity="5" fixable="1">Duplicate spaces at position 20.</error>
    <error line="12" column="5" source="Squiz.Functions.MultiLineFunctionDeclaration.NewlineBeforeOpenBrace" severity="5" fixable="1">The closing parenthesis and the opening brace of a multi-line function declaration must be on the same line</error>
</file>
<file name="/app/app/Http/DTO/UserObject.php" errors="4" warnings="0" fixable="4">
    <error line="1" column="1" source="SlevomatCodingStandard.TypeHints.DeclareStrictTypes.DeclareStrictTypesMissing" severity="5" fixable="1">Missing declare(strict_types=1).</error>
    <error line="7" column="12" source="Squiz.WhiteSpace.FunctionSpacing.BeforeFirst" severity="5" fixable="1">Expected 1 blank line before function; 0 found</error>
    <error line="8" column="20" source="SlevomatCodingStandard.Whitespaces.DuplicateSpaces.DuplicateSpaces" severity="5" fixable="1">Duplicate spaces at position 20.</error>
    <error line="11" column="5" source="Squiz.Functions.MultiLineFunctionDeclaration.NewlineBeforeOpenBrace" severity="5" fixable="1">The closing parenthesis and the opening brace of a multi-line function declaration must be on the same line</error>
</file>
<file name="/app/app/Http/DTO/BalanceDTO.php" errors="4" warnings="0" fixable="4">
    <error line="1" column="1" source="SlevomatCodingStandard.TypeHints.DeclareStrictTypes.DeclareStrictTypesMissing" severity="5" fixable="1">Missing declare(strict_types=1).</error>
    <error line="7" column="12" source="Squiz.WhiteSpace.FunctionSpacing.BeforeFirst" severity="5" fixable="1">Expected 1 blank line before function; 0 found</error>
    <error line="8" column="20" source="SlevomatCodingStandard.Whitespaces.DuplicateSpaces.DuplicateSpaces" severity="5" fixable="1">Duplicate spaces at position 20.</error>
    <error line="11" column="5" source="Squiz.Functions.MultiLineFunctionDeclaration.NewlineBeforeOpenBrace" severity="5" fixable="1">The closing parenthesis and the opening brace of a multi-line function declaration must be on the same line</error>
</file>
<file name="/app/app/Http/DTO/CartProductDTO.php" errors="4" warnings="0" fixable="4">
    <error line="1" column="1" source="SlevomatCodingStandard.TypeHints.DeclareStrictTypes.DeclareStrictTypesMissing" severity="5" fixable="1">Missing declare(strict_types=1).</error>
    <error line="7" column="12" source="Squiz.WhiteSpace.FunctionSpacing.BeforeFirst" severity="5" fixable="1">Expected 1 blank line before function; 0 found</error>
    <error line="8" column="20" source="SlevomatCodingStandard.Whitespaces.DuplicateSpaces.DuplicateSpaces" severity="5" fixable="1">Duplicate spaces at position 20.</error>
    <error line="11" column="5" source="Squiz.Functions.MultiLineFunctionDeclaration.NewlineBeforeOpenBrace" severity="5" fixable="1">The closing parenthesis and the opening brace of a multi-line function declaration must be on the same line</error>
</file>
<file name="/app/app/Http/DTO/BaseDTO.php" errors="2" warnings="0" fixable="2">
    <error line="1" column="1" source="SlevomatCodingStandard.TypeHints.DeclareStrictTypes.DeclareStrictTypesMissing" severity="5" fixable="1">Missing declare(strict_types=1).</error>
    <error line="19" column="1" source="PSR2.Files.EndFileNewline.TooMany" severity="5" fixable="1">Expected 1 blank line at end of file; 2 found</error>
</file>
<file name="/app/app/Providers/RouteServiceProvider.php" errors="2" warnings="0" fixable="2">
    <error line="1" column="1" source="SlevomatCodingStandard.TypeHints.DeclareStrictTypes.DeclareStrictTypesMissing" severity="5" fixable="1">Missing declare(strict_types=1).</error>
    <error line="62" column="5" source="Squiz.WhiteSpace.FunctionSpacing.AfterLast" severity="5" fixable="1">Expected 1 blank line after function; 0 found</error>
</file>
<file name="/app/app/Providers/EventServiceProvider.php" errors="4" warnings="0" fixable="4">
    <error line="1" column="1" source="SlevomatCodingStandard.TypeHints.DeclareStrictTypes.DeclareStrictTypesMissing" severity="5" fixable="1">Missing declare(strict_types=1).</error>
    <error line="8" column="1" source="SlevomatCodingStandard.Namespaces.UnusedUses.UnusedUse" severity="5" fixable="1">Type Illuminate\Support\Facades\Event is not used in this file.</error>
    <error line="30" column="9" source="SlevomatCodingStandard.Commenting.EmptyComment.EmptyComment" severity="5" fixable="1">Empty comment</error>
    <error line="31" column="5" source="Squiz.WhiteSpace.FunctionSpacing.AfterLast" severity="5" fixable="1">Expected 1 blank line after function; 0 found</error>
</file>
<file name="/app/app/Providers/ActionServiceProvider.php" errors="1" warnings="0" fixable="1">
    <error line="1" column="1" source="SlevomatCodingStandard.TypeHints.DeclareStrictTypes.DeclareStrictTypesMissing" severity="5" fixable="1">Missing declare(strict_types=1).</error>
</file>
<file name="/app/app/Providers/BroadcastServiceProvider.php" errors="3" warnings="0" fixable="3">
    <error line="1" column="1" source="SlevomatCodingStandard.TypeHints.DeclareStrictTypes.DeclareStrictTypesMissing" severity="5" fixable="1">Missing declare(strict_types=1).</error>
    <error line="15" column="12" source="Squiz.WhiteSpace.FunctionSpacing.BeforeFirst" severity="5" fixable="1">Expected 1 blank line before function; 0 found</error>
    <error line="20" column="5" source="Squiz.WhiteSpace.FunctionSpacing.AfterLast" severity="5" fixable="1">Expected 1 blank line after function; 0 found</error>
</file>
<file name="/app/app/Providers/AuthServiceProvider.php" errors="3" warnings="0" fixable="3">
    <error line="1" column="1" source="SlevomatCodingStandard.TypeHints.DeclareStrictTypes.DeclareStrictTypesMissing" severity="5" fixable="1">Missing declare(strict_types=1).</error>
    <error line="28" column="9" source="SlevomatCodingStandard.Commenting.EmptyComment.EmptyComment" severity="5" fixable="1">Empty comment</error>
    <error line="29" column="5" source="Squiz.WhiteSpace.FunctionSpacing.AfterLast" severity="5" fixable="1">Expected 1 blank line after function; 0 found</error>
</file>
<file name="/app/app/Providers/AppServiceProvider.php" errors="5" warnings="0" fixable="5">
    <error line="1" column="1" source="SlevomatCodingStandard.TypeHints.DeclareStrictTypes.DeclareStrictTypesMissing" severity="5" fixable="1">Missing declare(strict_types=1).</error>
    <error line="5" column="1" source="SlevomatCodingStandard.Namespaces.UnusedUses.UnusedUse" severity="5" fixable="1">Type Illuminate\Http\Resources\Json\JsonResource is not used in this file.</error>
    <error line="15" column="12" source="Squiz.WhiteSpace.FunctionSpacing.BeforeFirst" severity="5" fixable="1">Expected 1 blank line before function; 0 found</error>
    <error line="17" column="9" source="SlevomatCodingStandard.Commenting.EmptyComment.EmptyComment" severity="5" fixable="1">Empty comment</error>
    <error line="28" column="5" source="Squiz.WhiteSpace.FunctionSpacing.AfterLast" severity="5" fixable="1">Expected 1 blank line after function; 0 found</error>
</file>
<file name="/app/app/Helpers/UserHelper.php" errors="3" warnings="0" fixable="3">
    <error line="1" column="1" source="SlevomatCodingStandard.TypeHints.DeclareStrictTypes.DeclareStrictTypesMissing" severity="5" fixable="1">Missing declare(strict_types=1).</error>
    <error line="13" column="19" source="Squiz.WhiteSpace.FunctionSpacing.BeforeFirst" severity="5" fixable="1">Expected 1 blank line before function; 0 found</error>
    <error line="39" column="5" source="Squiz.WhiteSpace.FunctionSpacing.AfterLast" severity="5" fixable="1">Expected 1 blank line after function; 0 found</error>
</file>
<file name="/app/app/Policies/OrderPolicy.php" errors="3" warnings="0" fixable="3">
    <error line="1" column="1" source="SlevomatCodingStandard.TypeHints.DeclareStrictTypes.DeclareStrictTypesMissing" severity="5" fixable="1">Missing declare(strict_types=1).</error>
    <error line="12" column="5" source="SlevomatCodingStandard.Classes.TraitUseSpacing.IncorrectLinesCountBeforeFirstUse" severity="5" fixable="1">Expected 1 line before first use statement, found 0.</error>
    <error line="19" column="5" source="Squiz.WhiteSpace.FunctionSpacing.AfterLast" severity="5" fixable="1">Expected 1 blank line after function; 0 found</error>
</file>
<file name="/app/app/Services/BalanceService.php" errors="1" warnings="0" fixable="1">
    <error line="1" column="1" source="SlevomatCodingStandard.TypeHints.DeclareStrictTypes.DeclareStrictTypesMissing" severity="5" fixable="1">Missing declare(strict_types=1).</error>
</file>
<file name="/app/app/Console/Kernel.php" errors="7" warnings="0" fixable="7">
    <error line="1" column="1" source="SlevomatCodingStandard.TypeHints.DeclareStrictTypes.DeclareStrictTypesMissing" severity="5" fixable="1">Missing declare(strict_types=1).</error>
    <error line="13" column="14" source="SlevomatCodingStandard.Whitespaces.DuplicateSpaces.DuplicateSpaces" severity="5" fixable="1">Duplicate spaces at position 14.</error>
    <error line="13" column="16" source="SlevomatCodingStandard.Whitespaces.DuplicateSpaces.DuplicateSpaces" severity="5" fixable="1">Duplicate spaces at position 55.</error>
    <error line="16" column="15" source="Squiz.WhiteSpace.FunctionSpacing.BeforeFirst" severity="5" fixable="1">Expected 1 blank line before function; 0 found</error>
    <error line="28" column="28" source="PSR12.Operators.OperatorSpacing.NoSpaceBefore" severity="5" fixable="1">Expected at least 1 space before &quot;.&quot;; 0 found</error>
    <error line="28" column="28" source="PSR12.Operators.OperatorSpacing.NoSpaceAfter" severity="5" fixable="1">Expected at least 1 space after &quot;.&quot;; 0 found</error>
    <error line="31" column="5" source="Squiz.WhiteSpace.FunctionSpacing.AfterLast" severity="5" fixable="1">Expected 1 blank line after function; 0 found</error>
</file>
<file name="/app/app/Models/CartProduct.php" errors="6" warnings="0" fixable="3">
    <error line="1" column="1" source="SlevomatCodingStandard.TypeHints.DeclareStrictTypes.DeclareStrictTypesMissing" severity="5" fixable="1">Missing declare(strict_types=1).</error>
    <error line="5" column="1" source="SlevomatCodingStandard.Namespaces.UnusedUses.UnusedUse" severity="5" fixable="1">Type Carbon\Carbon is not used in this file.</error>
    <error line="21" column="5" source="SlevomatCodingStandard.Classes.TraitUseSpacing.IncorrectLinesCountBeforeFirstUse" severity="5" fixable="1">Expected 1 line before first use statement, found 0.</error>
    <error line="23" column="15" source="SlevomatCodingStandard.TypeHints.PropertyTypeHint.MissingAnyTypeHint" severity="5" fixable="0">Property \App\Models\CartProduct::$table does not have native type hint nor @var annotation for its value.</error>
    <error line="25" column="12" source="SlevomatCodingStandard.TypeHints.PropertyTypeHint.MissingAnyTypeHint" severity="5" fixable="0">Property \App\Models\CartProduct::$incrementing does not have native type hint nor @var annotation for its value.</error>
    <error line="27" column="15" source="SlevomatCodingStandard.TypeHints.PropertyTypeHint.MissingAnyTypeHint" severity="5" fixable="0">Property \App\Models\CartProduct::$fillable does not have native type hint nor @var annotation for its value.</error>
</file>
<file name="/app/app/Models/User.php" errors="6" warnings="0" fixable="5">
    <error line="1" column="1" source="SlevomatCodingStandard.TypeHints.DeclareStrictTypes.DeclareStrictTypesMissing" severity="5" fixable="1">Missing declare(strict_types=1).</error>
    <error line="5" column="1" source="SlevomatCodingStandard.Namespaces.UnusedUses.UnusedUse" severity="5" fixable="1">Type Carbon\Carbon is not used in this file.</error>
    <error line="6" column="1" source="SlevomatCodingStandard.Namespaces.UnusedUses.UnusedUse" severity="5" fixable="1">Type Illuminate\Database\Eloquent\Collection is not used in this file.</error>
    <error line="31" column="5" source="SlevomatCodingStandard.Classes.TraitUseSpacing.IncorrectLinesCountBeforeFirstUse" severity="5" fixable="1">Expected 1 line before first use statement, found 0.</error>
    <error line="31" column="19" source="PSR12.Traits.UseDeclaration.MultipleImport" severity="5" fixable="1">Each imported trait must have its own &quot;use&quot; import statement</error>
    <error line="33" column="15" source="SlevomatCodingStandard.TypeHints.PropertyTypeHint.MissingAnyTypeHint" severity="5" fixable="0">Property \App\Models\User::$fillable does not have native type hint nor @var annotation for its value.</error>
</file>
<file name="/app/app/Models/Cart.php" errors="9" warnings="0" fixable="7">
    <error line="1" column="1" source="SlevomatCodingStandard.TypeHints.DeclareStrictTypes.DeclareStrictTypesMissing" severity="5" fixable="1">Missing declare(strict_types=1).</error>
    <error line="5" column="1" source="SlevomatCodingStandard.Namespaces.UnusedUses.UnusedUse" severity="5" fixable="1">Type Carbon\Carbon is not used in this file.</error>
    <error line="6" column="1" source="SlevomatCodingStandard.Namespaces.UnusedUses.UnusedUse" severity="5" fixable="1">Type Illuminate\Database\Eloquent\Collection is not used in this file.</error>
    <error line="27" column="5" source="SlevomatCodingStandard.Classes.TraitUseSpacing.IncorrectLinesCountBeforeFirstUse" severity="5" fixable="1">Expected 1 line before first use statement, found 0.</error>
    <error line="29" column="15" source="SlevomatCodingStandard.TypeHints.PropertyTypeHint.MissingAnyTypeHint" severity="5" fixable="0">Property \App\Models\Cart::$fillable does not have native type hint nor @var annotation for its value.</error>
    <error line="31" column="9" source="SlevomatCodingStandard.Arrays.TrailingArrayComma.MissingTrailingComma" severity="5" fixable="1">Multi-line arrays must have a trailing comma after the last element.</error>
    <error line="34" column="15" source="SlevomatCodingStandard.TypeHints.PropertyTypeHint.MissingAnyTypeHint" severity="5" fixable="0">Property \App\Models\Cart::$attributes does not have native type hint nor @var annotation for its value.</error>
    <error line="35" column="26" source="SlevomatCodingStandard.Arrays.TrailingArrayComma.MissingTrailingComma" severity="5" fixable="1">Multi-line arrays must have a trailing comma after the last element.</error>
    <error line="46" column="5" source="Squiz.WhiteSpace.FunctionSpacing.AfterLast" severity="5" fixable="1">Expected 1 blank line after function; 0 found</error>
</file>
<file name="/app/app/Models/Order.php" errors="6" warnings="0" fixable="5">
    <error line="1" column="1" source="SlevomatCodingStandard.TypeHints.DeclareStrictTypes.DeclareStrictTypesMissing" severity="5" fixable="1">Missing declare(strict_types=1).</error>
    <error line="5" column="1" source="SlevomatCodingStandard.Namespaces.UnusedUses.UnusedUse" severity="5" fixable="1">Type Carbon\Carbon is not used in this file.</error>
    <error line="6" column="1" source="SlevomatCodingStandard.Namespaces.UnusedUses.UnusedUse" severity="5" fixable="1">Type Illuminate\Database\Eloquent\Collection is not used in this file.</error>
    <error line="27" column="5" source="SlevomatCodingStandard.Classes.TraitUseSpacing.IncorrectLinesCountBeforeFirstUse" severity="5" fixable="1">Expected 1 line before first use statement, found 0.</error>
    <error line="29" column="15" source="SlevomatCodingStandard.TypeHints.PropertyTypeHint.MissingAnyTypeHint" severity="5" fixable="0">Property \App\Models\Order::$fillable does not have native type hint nor @var annotation for its value.</error>
    <error line="54" column="5" source="Squiz.WhiteSpace.FunctionSpacing.AfterLast" severity="5" fixable="1">Expected 1 blank line after function; 2 found</error>
</file>
<file name="/app/app/Models/Balance.php" errors="7" warnings="0" fixable="5">
    <error line="1" column="1" source="SlevomatCodingStandard.TypeHints.DeclareStrictTypes.DeclareStrictTypesMissing" severity="5" fixable="1">Missing declare(strict_types=1).</error>
    <error line="5" column="1" source="SlevomatCodingStandard.Namespaces.UnusedUses.UnusedUse" severity="5" fixable="1">Type Carbon\Carbon is not used in this file.</error>
    <error line="6" column="1" source="SlevomatCodingStandard.Namespaces.UnusedUses.UnusedUse" severity="5" fixable="1">Type Illuminate\Database\Eloquent\Collection is not used in this file.</error>
    <error line="25" column="5" source="SlevomatCodingStandard.Classes.TraitUseSpacing.IncorrectLinesCountBeforeFirstUse" severity="5" fixable="1">Expected 1 line before first use statement, found 0.</error>
    <error line="27" column="15" source="SlevomatCodingStandard.TypeHints.PropertyTypeHint.MissingAnyTypeHint" severity="5" fixable="0">Property \App\Models\Balance::$fillable does not have native type hint nor @var annotation for its value.</error>
    <error line="32" column="15" source="SlevomatCodingStandard.TypeHints.PropertyTypeHint.MissingAnyTypeHint" severity="5" fixable="0">Property \App\Models\Balance::$attributes does not have native type hint nor @var annotation for its value.</error>
    <error line="39" column="5" source="Squiz.WhiteSpace.FunctionSpacing.AfterLast" severity="5" fixable="1">Expected 1 blank line after function; 0 found</error>
</file>
<file name="/app/app/Models/Product.php" errors="5" warnings="0" fixable="5">
    <error line="1" column="1" source="SlevomatCodingStandard.TypeHints.DeclareStrictTypes.DeclareStrictTypesMissing" severity="5" fixable="1">Missing declare(strict_types=1).</error>
    <error line="5" column="1" source="SlevomatCodingStandard.Namespaces.UnusedUses.UnusedUse" severity="5" fixable="1">Type Carbon\Carbon is not used in this file.</error>
    <error line="6" column="1" source="SlevomatCodingStandard.Namespaces.UnusedUses.UnusedUse" severity="5" fixable="1">Type Illuminate\Database\Eloquent\Collection is not used in this file.</error>
    <error line="26" column="5" source="SlevomatCodingStandard.Classes.TraitUseSpacing.IncorrectLinesCountBeforeFirstUse" severity="5" fixable="1">Expected 1 line before first use statement, found 0.</error>
    <error line="31" column="5" source="Squiz.WhiteSpace.FunctionSpacing.AfterLast" severity="5" fixable="1">Expected 1 blank line after function; 0 found</error>
</file>
<file name="/app/app/Actions/CartProduct/CartProductCreateAction.php" errors="4" warnings="0" fixable="4">
    <error line="1" column="1" source="SlevomatCodingStandard.TypeHints.DeclareStrictTypes.DeclareStrictTypesMissing" severity="5" fixable="1">Missing declare(strict_types=1).</error>
    <error line="16" column="12" source="Squiz.WhiteSpace.FunctionSpacing.BeforeFirst" severity="5" fixable="1">Expected 1 blank line before function; 0 found</error>
    <error line="19" column="5" source="Squiz.Functions.MultiLineFunctionDeclaration.NewlineBeforeOpenBrace" severity="5" fixable="1">The closing parenthesis and the opening brace of a multi-line function declaration must be on the same line</error>
    <error line="39" column="96" source="SlevomatCodingStandard.Functions.RequireTrailingCommaInCall.MissingTrailingComma" severity="5" fixable="1">Multi-line function calls must have a trailing comma after the last parameter.</error>
</file>
<file name="/app/app/Actions/CartProduct/CartProductDeleteAction.php" errors="6" warnings="0" fixable="6">
    <error line="1" column="1" source="SlevomatCodingStandard.TypeHints.DeclareStrictTypes.DeclareStrictTypesMissing" severity="5" fixable="1">Missing declare(strict_types=1).</error>
    <error line="20" column="5" source="Squiz.Functions.MultiLineFunctionDeclaration.NewlineBeforeOpenBrace" severity="5" fixable="1">The closing parenthesis and the opening brace of a multi-line function declaration must be on the same line</error>
    <error line="42" column="17" source="PSR12.ControlStructures.ControlStructureSpacing.FirstExpressionLine" severity="5" fixable="1">The first expression of a multi-line control structure must be on the line after the opening parenthesis</error>
    <error line="45" column="17" source="SlevomatCodingStandard.Functions.RequireTrailingCommaInCall.MissingTrailingComma" severity="5" fixable="1">Multi-line function calls must have a trailing comma after the last parameter.</error>
    <error line="46" column="1" source="PSR12.ControlStructures.ControlStructureSpacing.LineIndent" severity="5" fixable="1">Each line in a multi-line control structure must be indented at least once; expected at least 16 spaces, but found 12</error>
    <error line="46" column="14" source="PSR12.ControlStructures.ControlStructureSpacing.CloseParenthesisLine" severity="5" fixable="1">The closing parenthesis of a multi-line control structure must be on the line after the last expression</error>
</file>
<file name="/app/app/Actions/Order/OrderCreateAction.php" errors="5" warnings="0" fixable="5">
    <error line="1" column="1" source="SlevomatCodingStandard.TypeHints.DeclareStrictTypes.DeclareStrictTypesMissing" severity="5" fixable="1">Missing declare(strict_types=1).</error>
    <error line="20" column="5" source="Squiz.Functions.MultiLineFunctionDeclaration.NewlineBeforeOpenBrace" severity="5" fixable="1">The closing parenthesis and the opening brace of a multi-line function declaration must be on the same line</error>
    <error line="35" column="17" source="PSR2.ControlStructures.ControlStructureSpacing.SpacingAfterOpenBrace" severity="5" fixable="1">Expected 0 spaces after opening bracket; newline found</error>
    <error line="40" column="1" source="Squiz.WhiteSpace.ControlStructureSpacing.SpacingBeforeClose" severity="5" fixable="1">Blank line found at end of control structure</error>
    <error line="48" column="49" source="SlevomatCodingStandard.Arrays.TrailingArrayComma.MissingTrailingComma" severity="5" fixable="1">Multi-line arrays must have a trailing comma after the last element.</error>
</file>
<file name="/app/app/Actions/Order/OrderDeleteAction.php" errors="2" warnings="0" fixable="2">
    <error line="1" column="1" source="SlevomatCodingStandard.TypeHints.DeclareStrictTypes.DeclareStrictTypesMissing" severity="5" fixable="1">Missing declare(strict_types=1).</error>
    <error line="19" column="5" source="Squiz.Functions.MultiLineFunctionDeclaration.NewlineBeforeOpenBrace" severity="5" fixable="1">The closing parenthesis and the opening brace of a multi-line function declaration must be on the same line</error>
</file>
<file name="/app/app/Actions/User/UserRegisterAction.php" errors="1" warnings="0" fixable="1">
    <error line="1" column="1" source="SlevomatCodingStandard.TypeHints.DeclareStrictTypes.DeclareStrictTypesMissing" severity="5" fixable="1">Missing declare(strict_types=1).</error>
</file>
<file name="/app/app/Actions/User/GenerateUserTokenAction.php" errors="3" warnings="0" fixable="3">
    <error line="1" column="1" source="SlevomatCodingStandard.TypeHints.DeclareStrictTypes.DeclareStrictTypesMissing" severity="5" fixable="1">Missing declare(strict_types=1).</error>
    <error line="5" column="1" source="SlevomatCodingStandard.Namespaces.UnusedUses.UnusedUse" severity="5" fixable="1">Type App\Http\DTO\UserObject is not used in this file.</error>
    <error line="16" column="5" source="Squiz.WhiteSpace.FunctionSpacing.AfterLast" severity="5" fixable="1">Expected 1 blank line after function; 0 found</error>
</file>
<file name="/app/app/Actions/Cart/ChangeCartTotalPriceAction.php" errors="1" warnings="0" fixable="1">
    <error line="1" column="1" source="SlevomatCodingStandard.TypeHints.DeclareStrictTypes.DeclareStrictTypesMissing" severity="5" fixable="1">Missing declare(strict_types=1).</error>
</file>
<file name="/app/app/Actions/Balance/ChangeBalanceAction.php" errors="1" warnings="0" fixable="1">
    <error line="1" column="1" source="SlevomatCodingStandard.TypeHints.DeclareStrictTypes.DeclareStrictTypesMissing" severity="5" fixable="1">Missing declare(strict_types=1).</error>
</file>
</phpcs>

